[
  {
    "Plan": {
      "Node Type": "Result",
      "Startup Cost": 2578.99,
      "Total Cost": 3140.69,
      "Plan Rows": 1147,
      "Plan Width": 4,
      "Actual Startup Time": 48.396,
      "Actual Total Time": 48.396,
      "Actual Rows": 0,
      "Actual Loops": 1,
      "Output": ["orders.o_orderkey"],
      "One-Time Filter": "(NOT $0)",
      "Shared Hit Blocks": 1503,
      "Shared Read Blocks": 0,
      "Shared Dirtied Blocks": 0,
      "Shared Written Blocks": 0,
      "Local Hit Blocks": 0,
      "Local Read Blocks": 0,
      "Local Dirtied Blocks": 0,
      "Local Written Blocks": 0,
      "Temp Read Blocks": 0,
      "Temp Written Blocks": 0,
      "I/O Read Time": 0.000,
      "I/O Write Time": 0.000,
      "Plans": [
        {
          "Node Type": "Index Only Scan",
          "Parent Relationship": "InitPlan",
          "Subplan Name": "InitPlan 1 (returns $0)",
          "Scan Direction": "Forward",
          "Index Name": "lineitem_pkey",
          "Relation Name": "lineitem",
          "Schema": "public",
          "Alias": "lineitem_1",
          "Startup Cost": 0.29,
          "Total Cost": 6.06,
          "Plan Rows": 1,
          "Plan Width": 0,
          "Actual Startup Time": 0.008,
          "Actual Total Time": 0.008,
          "Actual Rows": 0,
          "Actual Loops": 1,
          "Index Cond": "(lineitem_1.l_orderkey IS NULL)",
          "Rows Removed by Index Recheck": 0,
          "Heap Fetches": 0,
          "Shared Hit Blocks": 2,
          "Shared Read Blocks": 0,
          "Shared Dirtied Blocks": 0,
          "Shared Written Blocks": 0,
          "Local Hit Blocks": 0,
          "Local Read Blocks": 0,
          "Local Dirtied Blocks": 0,
          "Local Written Blocks": 0,
          "Temp Read Blocks": 0,
          "Temp Written Blocks": 0,
          "I/O Read Time": 0.000,
          "I/O Write Time": 0.000
        },
        {
          "Node Type": "Hash Join",
          "Parent Relationship": "Outer",
          "Join Type": "Anti",
          "Startup Cost": 2572.94,
          "Total Cost": 3134.63,
          "Plan Rows": 1147,
          "Plan Width": 4,
          "Actual Startup Time": 48.382,
          "Actual Total Time": 48.382,
          "Actual Rows": 0,
          "Actual Loops": 1,
          "Output": ["orders.o_orderkey"],
          "Hash Cond": "(orders.o_orderkey = lineitem.l_orderkey)",
          "Shared Hit Blocks": 1501,
          "Shared Read Blocks": 0,
          "Shared Dirtied Blocks": 0,
          "Shared Written Blocks": 0,
          "Local Hit Blocks": 0,
          "Local Read Blocks": 0,
          "Local Dirtied Blocks": 0,
          "Local Written Blocks": 0,
          "Temp Read Blocks": 0,
          "Temp Written Blocks": 0,
          "I/O Read Time": 0.000,
          "I/O Write Time": 0.000,
          "Plans": [
            {
              "Node Type": "Seq Scan",
              "Parent Relationship": "Outer",
              "Relation Name": "orders",
              "Schema": "public",
              "Alias": "orders",
              "Startup Cost": 0.00,
              "Total Cost": 426.00,
              "Plan Rows": 15000,
              "Plan Width": 4,
              "Actual Startup Time": 0.008,
              "Actual Total Time": 2.634,
              "Actual Rows": 15000,
              "Actual Loops": 1,
              "Output": ["orders.o_orderkey", "orders.o_custkey", "orders.o_orderstatus", "orders.o_totalprice", "orders.o_orderdate", "orders.o_orderpriority", "orders.o_clerk", "orders.o_shippriority", "orders.o_comment"],
              "Shared Hit Blocks": 276,
              "Shared Read Blocks": 0,
              "Shared Dirtied Blocks": 0,
              "Shared Written Blocks": 0,
              "Local Hit Blocks": 0,
              "Local Read Blocks": 0,
              "Local Dirtied Blocks": 0,
              "Local Written Blocks": 0,
              "Temp Read Blocks": 0,
              "Temp Written Blocks": 0,
              "I/O Read Time": 0.000,
              "I/O Write Time": 0.000
            },
            {
              "Node Type": "Hash",
              "Parent Relationship": "Inner",
              "Startup Cost": 1820.75,
              "Total Cost": 1820.75,
              "Plan Rows": 60175,
              "Plan Width": 8,
              "Actual Startup Time": 40.759,
              "Actual Total Time": 40.759,
              "Actual Rows": 60175,
              "Actual Loops": 1,
              "Output": ["lineitem.l_orderkey"],
              "Hash Buckets": 65536,
              "Original Hash Buckets": 65536,
              "Hash Batches": 1,
              "Original Hash Batches": 1,
              "Peak Memory Usage": 2863,
              "Shared Hit Blocks": 1219,
              "Shared Read Blocks": 0,
              "Shared Dirtied Blocks": 0,
              "Shared Written Blocks": 0,
              "Local Hit Blocks": 0,
              "Local Read Blocks": 0,
              "Local Dirtied Blocks": 0,
              "Local Written Blocks": 0,
              "Temp Read Blocks": 0,
              "Temp Written Blocks": 0,
              "I/O Read Time": 0.000,
              "I/O Write Time": 0.000,
              "Plans": [
                {
                  "Node Type": "Seq Scan",
                  "Parent Relationship": "Outer",
                  "Relation Name": "lineitem",
                  "Schema": "public",
                  "Alias": "lineitem",
                  "Startup Cost": 0.00,
                  "Total Cost": 1820.75,
                  "Plan Rows": 60175,
                  "Plan Width": 8,
                  "Actual Startup Time": 0.011,
                  "Actual Total Time": 25.070,
                  "Actual Rows": 60175,
                  "Actual Loops": 1,
                  "Output": ["lineitem.l_orderkey"],
                  "Shared Hit Blocks": 1219,
                  "Shared Read Blocks": 0,
                  "Shared Dirtied Blocks": 0,
                  "Shared Written Blocks": 0,
                  "Local Hit Blocks": 0,
                  "Local Read Blocks": 0,
                  "Local Dirtied Blocks": 0,
                  "Local Written Blocks": 0,
                  "Temp Read Blocks": 0,
                  "Temp Written Blocks": 0,
                  "I/O Read Time": 0.000,
                  "I/O Write Time": 0.000
                }
              ]
            }
          ]
        }
      ]
    },
    "Planning Time": 1.830,
    "Triggers": [
    ],
    "Execution Time": 49.499
  }
]
